<?xml version="1.0" encoding="UTF-8"?>
<testng-results ignored="0" total="1" passed="1" failed="0" skipped="0">
  <reporter-output>
  </reporter-output>
  <suite started-at="2025-02-23T14:21:44 PKT" name="Default suite" finished-at="2025-02-23T14:21:53 PKT" duration-ms="8300">
    <groups>
    </groups>
    <test started-at="2025-02-23T14:21:44 PKT" name="Default test" finished-at="2025-02-23T14:21:53 PKT" duration-ms="8300">
      <class name="youCaterApi.youCaterApi.LogoutAPI">
        <test-method signature="testLogout()[pri:0, instance:youCaterApi.youCaterApi.LogoutAPI@f0da945]" started-at="2025-02-23T14:21:44 PKT" name="testLogout" description="Logout: Verify logout funtionality" finished-at="2025-02-23T14:21:53 PKT" duration-ms="8231" status="PASS">
          <reporter-output>
          </reporter-output>
        </test-method> <!-- testLogout -->
      </class> <!-- youCaterApi.youCaterApi.LogoutAPI -->
    </test> <!-- Default test -->
  </suite> <!-- Default suite -->
</testng-results>
